<?xml version="1.0" encoding="utf-8"?><testsuites name="pytest tests"><testsuite name="pytest" errors="0" failures="0" skipped="0" tests="17" time="5.704" timestamp="2026-05-07T09:25:08.320213+05:30" hostname="SANDIBHA-M-QDX2"><testcase classname="tests.test_pipeline" name="test_load_data_shape" time="0.003" /><testcase classname="tests.test_pipeline" name="test_load_data_columns" time="0.002" /><testcase classname="tests.test_pipeline" name="test_clean_no_missing_values" time="0.006" /><testcase classname="tests.test_pipeline" name="test_clean_no_question_marks" time="0.005" /><testcase classname="tests.test_pipeline" name="test_clean_target_is_binary" time="0.005" /><testcase classname="tests.test_pipeline" name="test_clean_all_numeric" time="0.005" /><testcase classname="tests.test_pipeline" name="test_clean_sex_encoding" time="0.005" /><testcase classname="tests.test_pipeline" name="test_clean_target_both_classes" time="0.005" /><testcase classname="tests.test_pipeline" name="test_train_test_split_sizes" time="0.007" /><testcase classname="tests.test_pipeline" name="test_no_target_in_features" time="0.005" /><testcase classname="tests.test_pipeline" name="test_feature_count" time="0.006" /><testcase classname="tests.test_pipeline" name="test_logistic_regression_pipeline" time="0.009" /><testcase classname="tests.test_pipeline" name="test_random_forest_pipeline" time="0.084" /><testcase classname="tests.test_pipeline" name="test_model_predict_proba" time="0.111" /><testcase classname="tests.test_pipeline" name="test_model_accuracy_reasonable" time="0.072" /><testcase classname="tests.test_pipeline" name="test_valid_patient_data" time="0.000" /><testcase classname="tests.test_pipeline" name="test_patient_data_requires_all_fields" time="0.000" /></testsuite></testsuites>