<?xml version="1.0" encoding="utf-8"?><testsuites name="pytest tests"><testsuite name="pytest" errors="0" failures="0" skipped="0" tests="17" time="3.950" timestamp="2026-05-06T10:09:40.136979+00:00" hostname="runnervmeorf1"><testcase classname="tests.test_pipeline" name="test_load_data_shape" time="0.006" /><testcase classname="tests.test_pipeline" name="test_load_data_columns" time="0.005" /><testcase classname="tests.test_pipeline" name="test_clean_no_missing_values" time="0.012" /><testcase classname="tests.test_pipeline" name="test_clean_no_question_marks" time="0.011" /><testcase classname="tests.test_pipeline" name="test_clean_target_is_binary" time="0.011" /><testcase classname="tests.test_pipeline" name="test_clean_all_numeric" time="0.011" /><testcase classname="tests.test_pipeline" name="test_clean_sex_encoding" time="0.011" /><testcase classname="tests.test_pipeline" name="test_clean_target_both_classes" time="0.011" /><testcase classname="tests.test_pipeline" name="test_train_test_split_sizes" time="0.014" /><testcase classname="tests.test_pipeline" name="test_no_target_in_features" time="0.013" /><testcase classname="tests.test_pipeline" name="test_feature_count" time="0.012" /><testcase classname="tests.test_pipeline" name="test_logistic_regression_pipeline" time="0.019" /><testcase classname="tests.test_pipeline" name="test_random_forest_pipeline" time="0.188" /><testcase classname="tests.test_pipeline" name="test_model_predict_proba" time="0.172" /><testcase classname="tests.test_pipeline" name="test_model_accuracy_reasonable" time="0.179" /><testcase classname="tests.test_pipeline" name="test_valid_patient_data" time="0.000" /><testcase classname="tests.test_pipeline" name="test_patient_data_requires_all_fields" time="0.000" /></testsuite></testsuites>